
//--------------------------- FixedThreadPool ---------------------------
// Пул с фиксированным количеством потоков
// Если все потоки заняты — задачи ждут в очереди
// Используй когда знаешь сколько потоков тебе нужно
// и не хочешь создавать лишних

//------ TASK

// Запусти с пулом из 2 потоков и 5 задачами
// Увидишь что одновременно работают только 2 потока
// Остальные 3 ждут в очереди пока не освободится место
// Затем попробуй увеличить пул до 5 — все задачи запустятся сразу
ExecutorService executor = Executors.newFixedThreadPool(2);

// TODO: отправь 5 задач в пул
// каждая задача печатает своё имя и спит 1 секунду
// после всех задач вызови executor.shutdown()



//--------------------------- CachedThreadPool ---------------------------
// Пул который создаёт новые потоки по мере необходимости
// Если поток простаивает 60 секунд — он удаляется
// Используй когда задачи короткие и их количество непредсказуемо
// Опасен если задач слишком много — создаст тысячи потоков

//------ TASK

// Запусти 10 задач одновременно
// Увидишь что все 10 запустятся сразу — пул создаст 10 потоков
// Затем запусти ещё раз — потоки переиспользуются если не успели умереть
// Попробуй запустить 1000 задач и посмотри что будет
ExecutorService executor = Executors.newCachedThreadPool();

// TODO: отправь 10 задач в пул
// каждая задача печатает имя потока который её выполняет
// после всех задач вызови executor.shutdown()

//--------------------------- ScheduledThreadPool ---------------------------
// Пул для задач которые нужно выполнять по расписанию
// Может запускать задачу один раз с задержкой
// или повторять её каждые N секунд
// Используй вместо Thread.sleep() для периодических задач

//------ TASK

// Запусти задачу которая печатает время каждую секунду
// Через 5 секунд останови пул
// Увидишь что задача запускается строго по расписанию
// Попробуй scheduleAtFixedRate vs scheduleWithFixedDelay — в чём разница?
ScheduledExecutorService executor = Executors.newScheduledThreadPool(2);

// TODO: запусти задачу которая печатает текущее время
// с начальной задержкой 0 и повтором каждую 1 секунду
// через 5 секунд вызови executor.shutdown()



//--------------------------- SingleThreadExecutor ---------------------------
// Пул из ровно одного потока
// Все задачи выполняются строго по очереди одна за другой
// Гарантирует порядок выполнения задач
// Используй когда задачи нельзя выполнять параллельно

//------ TASK

// Отправь 5 задач с номерами 1-5
// Увидишь что они выполняются строго по порядку: 1, 2, 3, 4, 5
// Попробуй заменить на FixedThreadPool(3) — порядок нарушится
// SingleThreadExecutor гарантирует что задача 2 начнётся только после задачи 1
ExecutorService executor = Executors.newSingleThreadExecutor();

// TODO: отправь 5 задач пронумерованных от 1 до 5
// каждая задача печатает свой номер
// убедись что они всегда печатаются в порядке 1 2 3 4 5


//--------------------------- WorkStealingPool (ForkJoinPool) ---------------------------
// Пул который разбивает большую задачу на маленькие подзадачи
// Потоки которые закончили свои задачи — воруют задачи у занятых потоков
// Используй для рекурсивных задач которые можно разбить на части
// Количество потоков = количеству ядер процессора

//------ TASK

// Посчитай сумму массива из 1 000 000 чисел
// Разбей массив на две половины — каждую считает отдельная подзадача
// Подзадачи тоже делятся пока не дойдут до размера 1000
// Сравни время с обычным однопоточным подсчётом
ForkJoinPool pool = new ForkJoinPool();

// TODO: создай класс SumTask который extends RecursiveTask<Long>
// если размер массива <= 1000 — считай сумму напрямую
// иначе — раздели на две половины через invokeAll()
// запусти через pool.invoke() и напечатай результат