/*

Задача — Подсчёт слов в книге 📚
Контекст: Есть большая книга, разбитая на главы. Нужно посчитать сколько раз встречается каждое слово во всей книге.

Реализуй алгоритм MapReduce для подсчёта слов:

Map — каждая глава обрабатывается отдельным потоком, который считает слова в своей главе и возвращает Map<String, Integer>
Reduce — главный поток объединяет результаты всех глав в одну общую мапу, суммируя количество одинаковых слов
Используй ExecutorService и Future

Подсказки:
ЭтапЧто использовать
MapCallable<Map<String, Integer>> — каждая глава в отдельном потоке
Collectfuture.get() — собрать результаты каждого потокаReduce
Пройтись по всем результатам и суммировать через merge()



**Ожидаемый топ-10 слов:**
```
на        — 18
армия     — 13
москва    — 12
пьер      — 11
князь     — 7
андрей    — 6
французская — 6
наташа    — 6
был       — 14
и         — 18


*/

import java.util.*;
import java.util.concurrent.*;

public class WordCount {

    // TODO: реализуй метод Map — подсчёт слов в одной главе
    static Map<String, Integer> map(String chapter) {
        return null;
    }

    // TODO: реализуй метод Reduce — объединение результатов всех глав
    static Map<String, Integer> reduce(List<Map<String, Integer>> results) {
        return null;
    }

    public static void main(String[] args) throws InterruptedException, ExecutionException {

        List<String> chapters = List.of(
            "князь андрей болконский приехал в салон анны павловны шерер в петербурге анна павловна встретила его с радостью князь андрей был умён красив и богат но казался усталым и равнодушным",
            "пьер безухов вернулся из парижа в москву пьер был добр и наивен он искал смысл жизни в философии и масонстве москва встретила пьера шумом и суетой",
            "наташа ростова танцевала на первом балу в петербурге князь андрей пригласил наташу на вальс наташа была молода красива и полна жизни князь андрей влюбился в наташу",
            "наполеон вёл французскую армию на москву русская армия отступала кутузов принял решение оставить москву солдаты были измотаны и голодны но дух армии был силён",
            "бородинское сражение началось на рассвете князь андрей был ранен на поле боя пьер наблюдал за сражением и не понимал хаоса войны русская армия сражалась с французской армией",
            "французская армия вошла в москву москва горела наполеон стоял на холме и смотрел на горящую москву пьер остался в москве и пытался спасти людей из огня",
            "пьер был взят в плен французской армией в плену пьер познакомился с платоном каратаевым платон был прост и мудр пьер нашёл в платоне душевный покой и смысл жизни",
            "денисов и долохов командовали партизанским отрядом партизаны нападали на французские обозы петя ростов присоединился к отряду денисова петя был молод и храбр но погиб в бою",
            "французская армия отступала из москвы солдаты были голодны и измотаны наполеон потерял большую часть армии русская армия преследовала французов кутузов не хотел лишних жертв",
            "князь андрей умер от ран наташа вышла замуж за пьера безухова пьер нашёл смысл жизни в семье и любви наташа стала заботливой женой и матерью москва была отстроена заново"
        );

        // Создаём пул потоков
        ExecutorService executor = Executors.newFixedThreadPool(chapters.size());

        // Отправляем каждую главу в отдельный поток
        List<Future<Map<String, Integer>>> futures = new ArrayList<>();
        for (String chapter : chapters) {
            futures.add(executor.submit(() -> map(chapter)));
        }

        // Собираем результаты
        List<Map<String, Integer>> mapResults = new ArrayList<>();
        for (Future<Map<String, Integer>> future : futures) {
            mapResults.add(future.get());
        }

        executor.shutdown();

        // Reduce — объединяем всё в одну мапу
        Map<String, Integer> result = reduce(mapResults);

        // Печатаем топ-10 слов
        result.entrySet().stream()
            .sorted(Map.Entry.<String, Integer>comparingByValue().reversed())
            .limit(10)
            .forEach(e -> System.out.printf("%-15s — %d%n", e.getKey(), e.getValue()));
    }
}